	Command being timed: "python ./part1.2.py -f /projects/bgmp/shared/2017_sequencing/1294_S1_L008_R1_001.fastq.gz -l Read1 -o Read1"
	User time (seconds): 7124.24
	System time (seconds): 1.83
	Percent of CPU this job got: 99%
	Elapsed (wall clock) time (h:mm:ss or m:ss): 1:59:03
	Average shared text size (kbytes): 0
	Average unshared data size (kbytes): 0
	Average stack size (kbytes): 0
	Average total size (kbytes): 0
	Maximum resident set size (kbytes): 66880
	Average resident set size (kbytes): 0
	Major (requiring I/O) page faults: 0
	Minor (reclaiming a frame) page faults: 48518
	Voluntary context switches: 754
	Involuntary context switches: 2849
	Swaps: 0
	File system inputs: 0
	File system outputs: 0
	Socket messages sent: 0
	Socket messages received: 0
	Signals delivered: 0
	Page size (bytes): 4096
	Exit status: 0
	Command being timed: "python ./part1.2.py -f /projects/bgmp/shared/2017_sequencing/1294_S1_L008_R2_001.fastq.gz -l Index1 -o Index1"
	User time (seconds): 832.23
	System time (seconds): 0.37
	Percent of CPU this job got: 99%
	Elapsed (wall clock) time (h:mm:ss or m:ss): 13:59.52
	Average shared text size (kbytes): 0
	Average unshared data size (kbytes): 0
	Average stack size (kbytes): 0
	Average total size (kbytes): 0
	Maximum resident set size (kbytes): 65092
	Average resident set size (kbytes): 0
	Major (requiring I/O) page faults: 0
	Minor (reclaiming a frame) page faults: 105890
	Voluntary context switches: 1969
	Involuntary context switches: 998
	Swaps: 0
	File system inputs: 0
	File system outputs: 0
	Socket messages sent: 0
	Socket messages received: 0
	Signals delivered: 0
	Page size (bytes): 4096
	Exit status: 0
	Command being timed: "python ./part1.2.py -f /projects/bgmp/shared/2017_sequencing/1294_S1_L008_R3_001.fastq.gz -l Index2 -o Index2"
	User time (seconds): 835.62
	System time (seconds): 0.31
	Percent of CPU this job got: 99%
	Elapsed (wall clock) time (h:mm:ss or m:ss): 13:57.53
	Average shared text size (kbytes): 0
	Average unshared data size (kbytes): 0
	Average stack size (kbytes): 0
	Average total size (kbytes): 0
	Maximum resident set size (kbytes): 65412
	Average resident set size (kbytes): 0
	Major (requiring I/O) page faults: 0
	Minor (reclaiming a frame) page faults: 48656
	Voluntary context switches: 655
	Involuntary context switches: 246
	Swaps: 0
	File system inputs: 0
	File system outputs: 0
	Socket messages sent: 0
	Socket messages received: 0
	Signals delivered: 0
	Page size (bytes): 4096
	Exit status: 0
	Command being timed: "python ./part1.2.py -f /projects/bgmp/shared/2017_sequencing/1294_S1_L008_R4_001.fastq.gz -l Read2 -o Read2"
	User time (seconds): 7251.04
	System time (seconds): 1.87
	Percent of CPU this job got: 99%
	Elapsed (wall clock) time (h:mm:ss or m:ss): 2:01:07
	Average shared text size (kbytes): 0
	Average unshared data size (kbytes): 0
	Average stack size (kbytes): 0
	Average total size (kbytes): 0
	Maximum resident set size (kbytes): 68356
	Average resident set size (kbytes): 0
	Major (requiring I/O) page faults: 0
	Minor (reclaiming a frame) page faults: 153610
	Voluntary context switches: 660
	Involuntary context switches: 3779
	Swaps: 0
	File system inputs: 0
	File system outputs: 0
	Socket messages sent: 0
	Socket messages received: 0
	Signals delivered: 0
	Page size (bytes): 4096
	Exit status: 0
